<?xml version="1.0" encoding="UTF-8"?>
<!-- Generated by org.testng.reporters.JUnitReportReporter -->
<testsuite hostname="DESKTOP-2P7KUM1" failures="0" tests="4" name="api.test.UserTests2" time="7.319" errors="0" timestamp="2024-02-19T11:07:40 IST" skipped="0">
  <testcase classname="api.test.UserTests2" name="testCreateUser" time="1.573"/>
  <testcase classname="api.test.UserTests2" name="testGetUserByName" time="1.331"/>
  <testcase classname="api.test.UserTests2" name="testUpdateUserByName" time="3.056"/>
  <testcase classname="api.test.UserTests2" name="testDeleteUser" time="1.359"/>
</testsuite> <!-- api.test.UserTests2 -->
