<?xml version="1.0" encoding="UTF-8"?>
<!-- Generated by org.testng.reporters.JUnitReportReporter -->
<testsuite hostname="DESKTOP-2P7KUM1" failures="0" tests="4" name="api.test.UserTests2" time="5.650" errors="0" timestamp="2024-02-19T12:22:46 IST" skipped="0">
  <testcase classname="api.test.UserTests2" name="testCreateUser" time="1.112"/>
  <testcase classname="api.test.UserTests2" name="testGetUserByName" time="1.121"/>
  <testcase classname="api.test.UserTests2" name="testUpdateUserByName" time="2.229"/>
  <testcase classname="api.test.UserTests2" name="testDeleteUser" time="1.188"/>
</testsuite> <!-- api.test.UserTests2 -->
