<?xml version="1.0" encoding="UTF-8"?>
<!-- Generated by org.testng.reporters.JUnitReportReporter -->
<testsuite hostname="DESKTOP-2P7KUM1" failures="0" tests="4" name="api.test.UserTests" time="7.082" errors="0" timestamp="2024-02-19T12:22:46 IST" skipped="0">
  <testcase classname="api.test.UserTests" name="testCreateUser" time="2.593"/>
  <testcase classname="api.test.UserTests" name="testGetUserByName" time="1.153"/>
  <testcase classname="api.test.UserTests" name="testUpdateUserByName" time="2.212"/>
  <testcase classname="api.test.UserTests" name="testDeleteUser" time="1.124"/>
</testsuite> <!-- api.test.UserTests -->
